mode: atomic
atwell/config/config.go:17.55,19.2 1 0
atwell/config/config.go:22.56,24.2 1 1
atwell/config/config.go:27.65,32.2 3 1
atwell/db/creator.go:12.72,22.2 2 1
atwell/usecase/tweet_usecase.go:14.68,16.2 1 3
atwell/usecase/tweet_usecase.go:19.89,23.2 2 1
atwell/usecase/tweet_usecase.go:26.76,30.2 2 1
atwell/usecase/tweet_usecase.go:33.44,35.2 1 1
atwell/repository/tweet_repository.go:16.66,18.2 1 3
atwell/repository/tweet_repository.go:21.97,25.2 2 1
atwell/repository/tweet_repository.go:28.86,33.2 3 1
atwell/repository/tweet_repository.go:36.52,39.2 2 1
atwell/web/handler/tweet_handler.go:26.49,35.16 6 1
atwell/web/handler/tweet_handler.go:40.2,41.38 2 1
atwell/web/handler/tweet_handler.go:35.16,37.13 1 0
atwell/web/handler/tweet_handler.go:52.52,57.16 3 1
atwell/web/handler/tweet_handler.go:62.2,63.37 2 1
atwell/web/handler/tweet_handler.go:57.16,59.13 1 0
atwell/web/handler/tweet_handler.go:73.52,76.16 3 1
atwell/web/handler/tweet_handler.go:80.2,81.35 2 1
atwell/web/handler/tweet_handler.go:76.17,78.3 0 0
atwell/web/handler/tweet_handler.go:85.55,91.2 4 0
